<?xml version="1.0" encoding="UTF-8"?>
<testsuite xmlns:xsi="http://www.w3.org/2001/XMLSchema-instance" xsi:noNamespaceSchemaLocation="https://maven.apache.org/surefire/maven-surefire-plugin/xsd/surefire-test-report.xsd" name="TestSuite" time="1.042" tests="5" errors="0" skipped="0" failures="0">
  <properties>
[...]
</properties>
  <testcase name="testCalculate1" classname="tsetCalculate" time="0.007"/>
  <testcase name="testCalculateHelp0" classname="tsetCalculate" time="0"/>
  <testcase name="testCalculateHelp1" classname="tsetCalculate" time="0.001"/>
  <testcase name="testEntryOfCalculate1" classname="tsetCalculate" time="0"/>
  <testcase name="testcalculateHelp2" classname="tsetCalculate" time="0.001"/>
</testsuite>