<?xml version="1.0" encoding="UTF-8"?>
<!-- Generated by org.testng.reporters.JUnitXMLReporter -->
<testsuite hostname="LAPTOP-UBBBUF7N" ignored="0" tests="5" failures="0" timestamp="21 十一月 2021 03:09:05 GMT" time="0.044" errors="0">
  <testcase name="testCalculate1" time="0.008" classname="tsetCalculate"/>
  <testcase name="testCalculateHelp0" time="0.001" classname="tsetCalculate"/>
  <testcase name="testCalculateHelp1" time="0.0" classname="tsetCalculate"/>
  <testcase name="testEntryOfCalculate1" time="0.0" classname="tsetCalculate"/>
  <testcase name="testcalculateHelp2" time="0.001" classname="tsetCalculate"/>
</testsuite>
